<?xml version="1.0" encoding="UTF-8"?>
<coverage generated="1735583162335" clover="3.2.0">
  <project timestamp="1735583162336" name="All files">
    <metrics statements="298" coveredstatements="257" conditionals="37" coveredconditionals="24" methods="50" coveredmethods="46" elements="385" coveredelements="327" complexity="0" loc="298" ncloc="298" packages="4" files="11" classes="11"/>
    <package name="src">
      <metrics statements="36" coveredstatements="32" conditionals="2" coveredconditionals="1" methods="6" coveredmethods="4"/>
      <file name="server.ts" path="C:\Users\itair\OneDrive\שולחן העבודה\Assignment_1_WebClass-refresh-token\src\server.ts">
        <metrics statements="36" coveredstatements="32" conditionals="2" coveredconditionals="1" methods="6" coveredmethods="4"/>
        <line num="1" count="3" type="stmt"/>
        <line num="2" count="3" type="stmt"/>
        <line num="3" count="3" type="stmt"/>
        <line num="4" count="3" type="stmt"/>
        <line num="5" count="3" type="stmt"/>
        <line num="6" count="3" type="stmt"/>
        <line num="7" count="3" type="stmt"/>
        <line num="8" count="3" type="stmt"/>
        <line num="9" count="3" type="stmt"/>
        <line num="10" count="3" type="stmt"/>
        <line num="11" count="3" type="stmt"/>
        <line num="13" count="3" type="stmt"/>
        <line num="14" count="3" type="stmt"/>
        <line num="16" count="3" type="stmt"/>
        <line num="17" count="3" type="stmt"/>
        <line num="18" count="3" type="stmt"/>
        <line num="21" count="3" type="stmt"/>
        <line num="33" count="3" type="stmt"/>
        <line num="34" count="3" type="stmt"/>
        <line num="40" count="3" type="stmt"/>
        <line num="41" count="3" type="stmt"/>
        <line num="42" count="3" type="stmt"/>
        <line num="43" count="3" type="stmt"/>
        <line num="44" count="3" type="stmt"/>
        <line num="45" count="0" type="stmt"/>
        <line num="47" count="3" type="stmt"/>
        <line num="48" count="3" type="stmt"/>
        <line num="51" count="3" type="cond" truecount="1" falsecount="1"/>
        <line num="52" count="0" type="stmt"/>
        <line num="53" count="0" type="stmt"/>
        <line num="55" count="3" type="stmt"/>
        <line num="56" count="3" type="stmt"/>
        <line num="57" count="3" type="stmt"/>
        <line num="58" count="0" type="stmt"/>
        <line num="60" count="3" type="stmt"/>
        <line num="65" count="3" type="stmt"/>
      </file>
    </package>
    <package name="src.controllers">
      <metrics statements="208" coveredstatements="171" conditionals="35" coveredconditionals="23" methods="35" coveredmethods="33"/>
      <file name="base_controller.ts" path="C:\Users\itair\OneDrive\שולחן העבודה\Assignment_1_WebClass-refresh-token\src\controllers\base_controller.ts">
        <metrics statements="46" coveredstatements="39" conditionals="8" coveredconditionals="6" methods="7" coveredmethods="7"/>
        <line num="1" count="3" type="stmt"/>
        <line num="5" count="3" type="stmt"/>
        <line num="9" count="6" type="stmt"/>
        <line num="13" count="7" type="stmt"/>
        <line num="14" count="7" type="stmt"/>
        <line num="15" count="7" type="stmt"/>
        <line num="16" count="5" type="stmt"/>
        <line num="18" count="2" type="stmt"/>
        <line num="23" count="4" type="stmt"/>
        <line num="24" count="4" type="cond" truecount="0" falsecount="1"/>
        <line num="25" count="0" type="stmt"/>
        <line num="28" count="4" type="stmt"/>
        <line num="29" count="4" type="stmt"/>
        <line num="31" count="4" type="cond" truecount="1" falsecount="0"/>
        <line num="32" count="2" type="stmt"/>
        <line num="35" count="2" type="stmt"/>
        <line num="37" count="0" type="stmt"/>
        <line num="42" count="6" type="stmt"/>
        <line num="43" count="6" type="stmt"/>
        <line num="44" count="6" type="stmt"/>
        <line num="45" count="6" type="cond" truecount="2" falsecount="0"/>
        <line num="46" count="2" type="stmt"/>
        <line num="47" count="2" type="stmt"/>
        <line num="49" count="4" type="stmt"/>
        <line num="50" count="4" type="stmt"/>
        <line num="53" count="0" type="stmt"/>
        <line num="58" count="4" type="stmt"/>
        <line num="59" count="4" type="stmt"/>
        <line num="60" count="4" type="stmt"/>
        <line num="61" count="4" type="cond" truecount="2" falsecount="0"/>
        <line num="62" count="2" type="stmt"/>
        <line num="64" count="2" type="stmt"/>
        <line num="67" count="0" type="stmt"/>
        <line num="68" count="0" type="stmt"/>
        <line num="73" count="4" type="stmt"/>
        <line num="74" count="4" type="cond" truecount="0" falsecount="1"/>
        <line num="75" count="0" type="stmt"/>
        <line num="78" count="4" type="stmt"/>
        <line num="79" count="4" type="stmt"/>
        <line num="81" count="4" type="cond" truecount="1" falsecount="0"/>
        <line num="82" count="2" type="stmt"/>
        <line num="85" count="2" type="stmt"/>
        <line num="87" count="0" type="stmt"/>
        <line num="92" count="3" type="stmt"/>
        <line num="93" count="3" type="stmt"/>
        <line num="96" count="3" type="stmt"/>
      </file>
      <file name="comment_controllers.ts" path="C:\Users\itair\OneDrive\שולחן העבודה\Assignment_1_WebClass-refresh-token\src\controllers\comment_controllers.ts">
        <metrics statements="4" coveredstatements="4" conditionals="0" coveredconditionals="0" methods="0" coveredmethods="0"/>
        <line num="1" count="3" type="stmt"/>
        <line num="4" count="3" type="stmt"/>
        <line num="6" count="3" type="stmt"/>
        <line num="8" count="3" type="stmt"/>
      </file>
      <file name="post_controller.ts" path="C:\Users\itair\OneDrive\שולחן העבודה\Assignment_1_WebClass-refresh-token\src\controllers\post_controller.ts">
        <metrics statements="8" coveredstatements="8" conditionals="0" coveredconditionals="0" methods="2" coveredmethods="2"/>
        <line num="1" count="3" type="stmt"/>
        <line num="4" count="3" type="stmt"/>
        <line num="8" count="3" type="stmt"/>
        <line num="12" count="5" type="stmt"/>
        <line num="13" count="5" type="stmt"/>
        <line num="17" count="5" type="stmt"/>
        <line num="18" count="5" type="stmt"/>
        <line num="22" count="3" type="stmt"/>
      </file>
      <file name="user_controller.ts" path="C:\Users\itair\OneDrive\שולחן העבודה\Assignment_1_WebClass-refresh-token\src\controllers\user_controller.ts">
        <metrics statements="150" coveredstatements="120" conditionals="27" coveredconditionals="17" methods="26" coveredmethods="24"/>
        <line num="2" count="3" type="stmt"/>
        <line num="3" count="3" type="stmt"/>
        <line num="4" count="3" type="stmt"/>
        <line num="5" count="3" type="stmt"/>
        <line num="6" count="3" type="stmt"/>
        <line num="7" count="15" type="stmt"/>
        <line num="8" count="15" type="stmt"/>
        <line num="11" count="5" type="stmt"/>
        <line num="12" count="5" type="stmt"/>
        <line num="13" count="5" type="stmt"/>
        <line num="16" count="5" type="cond" truecount="1" falsecount="0"/>
        <line num="17" count="1" type="stmt"/>
        <line num="18" count="1" type="stmt"/>
        <line num="22" count="4" type="stmt"/>
        <line num="23" count="4" type="cond" truecount="1" falsecount="0"/>
        <line num="24" count="1" type="stmt"/>
        <line num="25" count="1" type="stmt"/>
        <line num="28" count="3" type="stmt"/>
        <line num="29" count="3" type="stmt"/>
        <line num="31" count="3" type="stmt"/>
        <line num="35" count="3" type="stmt"/>
        <line num="37" count="0" type="stmt"/>
        <line num="41" count="3" type="stmt"/>
        <line num="42" count="10" type="cond" truecount="1" falsecount="0"/>
        <line num="43" count="1" type="stmt"/>
        <line num="45" count="9" type="stmt"/>
        <line num="46" count="9" type="stmt"/>
        <line num="53" count="9" type="stmt"/>
        <line num="60" count="9" type="stmt"/>
        <line num="63" count="8" type="stmt"/>
        <line num="64" count="8" type="stmt"/>
        <line num="67" count="8" type="cond" truecount="0" falsecount="1"/>
        <line num="68" count="0" type="stmt"/>
        <line num="69" count="0" type="stmt"/>
        <line num="72" count="8" type="stmt"/>
        <line num="73" count="8" type="stmt"/>
        <line num="74" count="8" type="cond" truecount="0" falsecount="1"/>
        <line num="75" count="0" type="stmt"/>
        <line num="76" count="0" type="stmt"/>
        <line num="79" count="8" type="stmt"/>
        <line num="80" count="8" type="cond" truecount="1" falsecount="0"/>
        <line num="81" count="1" type="stmt"/>
        <line num="82" count="1" type="stmt"/>
        <line num="85" count="7" type="stmt"/>
        <line num="86" count="7" type="cond" truecount="1" falsecount="0"/>
        <line num="87" count="1" type="stmt"/>
        <line num="88" count="1" type="stmt"/>
        <line num="91" count="6" type="cond" truecount="0" falsecount="1"/>
        <line num="92" count="0" type="stmt"/>
        <line num="94" count="6" type="stmt"/>
        <line num="95" count="6" type="stmt"/>
        <line num="97" count="6" type="stmt"/>
        <line num="102" count="0" type="stmt"/>
        <line num="106" count="3" type="stmt"/>
        <line num="107" count="8" type="stmt"/>
        <line num="108" count="8" type="cond" truecount="0" falsecount="1"/>
        <line num="109" count="0" type="stmt"/>
        <line num="110" count="0" type="stmt"/>
        <line num="112" count="8" type="cond" truecount="0" falsecount="1"/>
        <line num="113" count="0" type="stmt"/>
        <line num="114" count="0" type="stmt"/>
        <line num="116" count="8" type="stmt"/>
        <line num="117" count="8" type="cond" truecount="1" falsecount="0"/>
        <line num="118" count="1" type="stmt"/>
        <line num="119" count="1" type="stmt"/>
        <line num="121" count="7" type="stmt"/>
        <line num="122" count="7" type="stmt"/>
        <line num="123" count="7" type="stmt"/>
        <line num="124" count="7" type="cond" truecount="0" falsecount="1"/>
        <line num="125" count="0" type="stmt"/>
        <line num="126" count="0" type="stmt"/>
        <line num="129" count="7" type="cond" truecount="3" falsecount="0"/>
        <line num="130" count="3" type="stmt"/>
        <line num="131" count="3" type="stmt"/>
        <line num="132" count="3" type="stmt"/>
        <line num="133" count="3" type="stmt"/>
        <line num="135" count="4" type="stmt"/>
        <line num="137" count="0" type="stmt"/>
        <line num="143" count="3" type="stmt"/>
        <line num="144" count="1" type="stmt"/>
        <line num="145" count="1" type="stmt"/>
        <line num="146" count="1" type="cond" truecount="0" falsecount="1"/>
        <line num="147" count="0" type="stmt"/>
        <line num="148" count="0" type="stmt"/>
        <line num="151" count="1" type="stmt"/>
        <line num="152" count="1" type="stmt"/>
        <line num="153" count="1" type="stmt"/>
        <line num="155" count="0" type="stmt"/>
        <line num="156" count="0" type="stmt"/>
        <line num="160" count="7" type="stmt"/>
        <line num="161" count="7" type="stmt"/>
        <line num="162" count="7" type="stmt"/>
        <line num="164" count="3" type="stmt"/>
        <line num="165" count="3" type="cond" truecount="0" falsecount="1"/>
        <line num="166" count="0" type="stmt"/>
        <line num="167" count="0" type="stmt"/>
        <line num="169" count="5" type="stmt"/>
        <line num="170" count="3" type="stmt"/>
        <line num="171" count="3" type="stmt"/>
        <line num="172" count="3" type="stmt"/>
        <line num="177" count="4" type="stmt"/>
        <line num="181" count="3" type="stmt"/>
        <line num="182" count="2" type="stmt"/>
        <line num="183" count="2" type="stmt"/>
        <line num="184" count="2" type="stmt"/>
        <line num="185" count="2" type="cond" truecount="1" falsecount="0"/>
        <line num="186" count="1" type="stmt"/>
        <line num="187" count="1" type="stmt"/>
        <line num="189" count="1" type="stmt"/>
        <line num="191" count="0" type="stmt"/>
        <line num="195" count="3" type="stmt"/>
        <line num="196" count="0" type="stmt"/>
        <line num="197" count="0" type="stmt"/>
        <line num="198" count="0" type="stmt"/>
        <line num="200" count="0" type="stmt"/>
        <line num="204" count="3" type="stmt"/>
        <line num="205" count="2" type="stmt"/>
        <line num="206" count="2" type="stmt"/>
        <line num="207" count="2" type="stmt"/>
        <line num="208" count="2" type="cond" truecount="0" falsecount="1"/>
        <line num="209" count="0" type="stmt"/>
        <line num="210" count="0" type="stmt"/>
        <line num="212" count="2" type="cond" truecount="1" falsecount="0"/>
        <line num="213" count="1" type="stmt"/>
        <line num="214" count="1" type="stmt"/>
        <line num="216" count="1" type="stmt"/>
        <line num="218" count="0" type="stmt"/>
        <line num="222" count="3" type="stmt"/>
        <line num="223" count="2" type="stmt"/>
        <line num="224" count="2" type="stmt"/>
        <line num="225" count="1" type="stmt"/>
        <line num="226" count="1" type="cond" truecount="1" falsecount="0"/>
        <line num="227" count="1" type="stmt"/>
        <line num="230" count="1" type="stmt"/>
        <line num="237" count="3" type="stmt"/>
        <line num="238" count="14" type="stmt"/>
        <line num="239" count="14" type="cond" truecount="2" falsecount="0"/>
        <line num="240" count="14" type="cond" truecount="1" falsecount="0"/>
        <line num="241" count="1" type="stmt"/>
        <line num="242" count="1" type="stmt"/>
        <line num="244" count="13" type="cond" truecount="0" falsecount="1"/>
        <line num="245" count="0" type="stmt"/>
        <line num="246" count="0" type="stmt"/>
        <line num="248" count="13" type="stmt"/>
        <line num="249" count="13" type="cond" truecount="2" falsecount="0"/>
        <line num="250" count="2" type="stmt"/>
        <line num="252" count="11" type="stmt"/>
        <line num="253" count="11" type="stmt"/>
        <line num="254" count="11" type="stmt"/>
        <line num="259" count="3" type="stmt"/>
      </file>
    </package>
    <package name="src.models">
      <metrics statements="13" coveredstatements="13" conditionals="0" coveredconditionals="0" methods="0" coveredmethods="0"/>
      <file name="Comments_model.ts" path="C:\Users\itair\OneDrive\שולחן העבודה\Assignment_1_WebClass-refresh-token\src\models\Comments_model.ts">
        <metrics statements="5" coveredstatements="5" conditionals="0" coveredconditionals="0" methods="0" coveredmethods="0"/>
        <line num="1" count="3" type="stmt"/>
        <line num="2" count="3" type="stmt"/>
        <line num="10" count="3" type="stmt"/>
        <line num="25" count="3" type="stmt"/>
        <line num="26" count="3" type="stmt"/>
      </file>
      <file name="posts_model.ts" path="C:\Users\itair\OneDrive\שולחן העבודה\Assignment_1_WebClass-refresh-token\src\models\posts_model.ts">
        <metrics statements="4" coveredstatements="4" conditionals="0" coveredconditionals="0" methods="0" coveredmethods="0"/>
        <line num="1" count="3" type="stmt"/>
        <line num="9" count="3" type="stmt"/>
        <line num="22" count="3" type="stmt"/>
        <line num="23" count="3" type="stmt"/>
      </file>
      <file name="user_model.ts" path="C:\Users\itair\OneDrive\שולחן העבודה\Assignment_1_WebClass-refresh-token\src\models\user_model.ts">
        <metrics statements="4" coveredstatements="4" conditionals="0" coveredconditionals="0" methods="0" coveredmethods="0"/>
        <line num="1" count="3" type="stmt"/>
        <line num="9" count="3" type="stmt"/>
        <line num="24" count="3" type="stmt"/>
        <line num="25" count="3" type="stmt"/>
      </file>
    </package>
    <package name="src.routes">
      <metrics statements="41" coveredstatements="41" conditionals="0" coveredconditionals="0" methods="9" coveredmethods="9"/>
      <file name="comments_routes.ts" path="C:\Users\itair\OneDrive\שולחן העבודה\Assignment_1_WebClass-refresh-token\src\routes\comments_routes.ts">
        <metrics statements="15" coveredstatements="15" conditionals="0" coveredconditionals="0" methods="5" coveredmethods="5"/>
        <line num="1" count="3" type="stmt"/>
        <line num="2" count="3" type="stmt"/>
        <line num="3" count="3" type="stmt"/>
        <line num="4" count="3" type="stmt"/>
        <line num="66" count="3" type="stmt"/>
        <line num="67" count="2" type="stmt"/>
        <line num="89" count="3" type="stmt"/>
        <line num="90" count="3" type="stmt"/>
        <line num="119" count="3" type="stmt"/>
        <line num="120" count="2" type="stmt"/>
        <line num="157" count="3" type="stmt"/>
        <line num="158" count="2" type="stmt"/>
        <line num="185" count="3" type="stmt"/>
        <line num="186" count="2" type="stmt"/>
        <line num="189" count="3" type="stmt"/>
      </file>
      <file name="posts_routes.ts" path="C:\Users\itair\OneDrive\שולחן העבודה\Assignment_1_WebClass-refresh-token\src\routes\posts_routes.ts">
        <metrics statements="14" coveredstatements="14" conditionals="0" coveredconditionals="0" methods="4" coveredmethods="4"/>
        <line num="1" count="3" type="stmt"/>
        <line num="2" count="3" type="stmt"/>
        <line num="3" count="3" type="stmt"/>
        <line num="4" count="3" type="stmt"/>
        <line num="78" count="3" type="stmt"/>
        <line num="99" count="3" type="stmt"/>
        <line num="100" count="3" type="stmt"/>
        <line num="129" count="3" type="stmt"/>
        <line num="130" count="2" type="stmt"/>
        <line num="167" count="3" type="stmt"/>
        <line num="168" count="2" type="stmt"/>
        <line num="197" count="3" type="stmt"/>
        <line num="198" count="2" type="stmt"/>
        <line num="201" count="3" type="stmt"/>
      </file>
      <file name="user_routes.ts" path="C:\Users\itair\OneDrive\שולחן העבודה\Assignment_1_WebClass-refresh-token\src\routes\user_routes.ts">
        <metrics statements="12" coveredstatements="12" conditionals="0" coveredconditionals="0" methods="0" coveredmethods="0"/>
        <line num="1" count="3" type="stmt"/>
        <line num="2" count="3" type="stmt"/>
        <line num="3" count="3" type="stmt"/>
        <line num="68" count="3" type="stmt"/>
        <line num="110" count="3" type="stmt"/>
        <line num="145" count="3" type="stmt"/>
        <line num="189" count="3" type="stmt"/>
        <line num="217" count="3" type="stmt"/>
        <line num="238" count="3" type="stmt"/>
        <line num="272" count="3" type="stmt"/>
        <line num="296" count="3" type="stmt"/>
        <line num="298" count="3" type="stmt"/>
      </file>
    </package>
  </project>
</coverage>
