{"C:\\Users\\itair\\OneDrive\\שולחן העבודה\\Assignment_1_WebClass-refresh-token\\src\\server.ts": {"path":"C:\\Users\\itair\\OneDrive\\שולחן העבודה\\Assignment_1_WebClass-refresh-token\\src\\server.ts","statementMap":{"0":{"start":{"line":1,"column":0},"end":{"line":1,"column":40}},"1":{"start":{"line":2,"column":12},"end":{"line":2,"column":21}},"2":{"start":{"line":3,"column":0},"end":{"line":3,"column":28}},"3":{"start":{"line":4,"column":0},"end":{"line":4,"column":16}},"4":{"start":{"line":5,"column":0},"end":{"line":5,"column":32}},"5":{"start":{"line":6,"column":0},"end":{"line":6,"column":48}},"6":{"start":{"line":7,"column":0},"end":{"line":7,"column":54}},"7":{"start":{"line":8,"column":0},"end":{"line":8,"column":37}},"8":{"start":{"line":9,"column":0},"end":{"line":9,"column":46}},"9":{"start":{"line":10,"column":0},"end":{"line":10,"column":41}},"10":{"start":{"line":11,"column":0},"end":{"line":11,"column":43}},"11":{"start":{"line":13,"column":0},"end":{"line":13,"column":27}},"12":{"start":{"line":14,"column":0},"end":{"line":14,"column":48}},"13":{"start":{"line":16,"column":0},"end":{"line":16,"column":31}},"14":{"start":{"line":17,"column":0},"end":{"line":17,"column":37}},"15":{"start":{"line":18,"column":0},"end":{"line":18,"column":30}},"16":{"start":{"line":21,"column":16},"end":{"line":32,"column":2}},"17":{"start":{"line":33,"column":14},"end":{"line":33,"column":35}},"18":{"start":{"line":34,"column":0},"end":{"line":34,"column":62}},"19":{"start":{"line":40,"column":14},"end":{"line":64,"column":1}},"20":{"start":{"line":41,"column":4},"end":{"line":41,"column":33}},"21":{"start":{"line":42,"column":4},"end":{"line":63,"column":7}},"22":{"start":{"line":43,"column":18},"end":{"line":43,"column":37}},"23":{"start":{"line":44,"column":8},"end":{"line":46,"column":11}},"24":{"start":{"line":45,"column":12},"end":{"line":45,"column":29}},"25":{"start":{"line":47,"column":8},"end":{"line":49,"column":11}},"26":{"start":{"line":48,"column":12},"end":{"line":48,"column":48}},"27":{"start":{"line":51,"column":8},"end":{"line":62,"column":9}},"28":{"start":{"line":52,"column":12},"end":{"line":52,"column":51}},"29":{"start":{"line":53,"column":12},"end":{"line":53,"column":21}},"30":{"start":{"line":55,"column":12},"end":{"line":61,"column":15}},"31":{"start":{"line":56,"column":16},"end":{"line":56,"column":46}},"32":{"start":{"line":57,"column":16},"end":{"line":59,"column":19}},"33":{"start":{"line":58,"column":20},"end":{"line":58,"column":43}},"34":{"start":{"line":60,"column":16},"end":{"line":60,"column":29}},"35":{"start":{"line":65,"column":0},"end":{"line":65,"column":23}}},"fnMap":{"0":{"name":"(anonymous_1)","decl":{"start":{"line":40,"column":14},"end":{"line":40,"column":16}},"loc":{"start":{"line":40,"column":18},"end":{"line":64,"column":1}}},"1":{"name":"(anonymous_2)","decl":{"start":{"line":42,"column":32},"end":{"line":42,"column":33}},"loc":{"start":{"line":42,"column":50},"end":{"line":63,"column":5}}},"2":{"name":"(anonymous_3)","decl":{"start":{"line":44,"column":23},"end":{"line":44,"column":24}},"loc":{"start":{"line":44,"column":30},"end":{"line":46,"column":9}}},"3":{"name":"(anonymous_4)","decl":{"start":{"line":47,"column":23},"end":{"line":47,"column":25}},"loc":{"start":{"line":47,"column":27},"end":{"line":49,"column":9}}},"4":{"name":"(anonymous_5)","decl":{"start":{"line":55,"column":58},"end":{"line":55,"column":60}},"loc":{"start":{"line":55,"column":62},"end":{"line":61,"column":13}}},"5":{"name":"(anonymous_6)","decl":{"start":{"line":57,"column":34},"end":{"line":57,"column":35}},"loc":{"start":{"line":57,"column":45},"end":{"line":59,"column":17}}}},"branchMap":{"0":{"loc":{"start":{"line":51,"column":8},"end":{"line":62,"column":9}},"type":"if","locations":[{"start":{"line":51,"column":8},"end":{"line":62,"column":9}},{"start":{"line":54,"column":13},"end":{"line":62,"column":9}}]}},"s":{"0":3,"1":3,"2":3,"3":3,"4":3,"5":3,"6":3,"7":3,"8":3,"9":3,"10":3,"11":3,"12":3,"13":3,"14":3,"15":3,"16":3,"17":3,"18":3,"19":3,"20":3,"21":3,"22":3,"23":3,"24":0,"25":3,"26":3,"27":3,"28":0,"29":0,"30":3,"31":3,"32":3,"33":0,"34":3,"35":3},"f":{"0":3,"1":3,"2":0,"3":3,"4":3,"5":0},"b":{"0":[0,3]}}
,"C:\\Users\\itair\\OneDrive\\שולחן העבודה\\Assignment_1_WebClass-refresh-token\\src\\controllers\\base_controller.ts": {"path":"C:\\Users\\itair\\OneDrive\\שולחן העבודה\\Assignment_1_WebClass-refresh-token\\src\\controllers\\base_controller.ts","statementMap":{"0":{"start":{"line":1,"column":0},"end":{"line":1,"column":32}},"1":{"start":{"line":9,"column":8},"end":{"line":9,"column":27}},"2":{"start":{"line":13,"column":8},"end":{"line":13,"column":30}},"3":{"start":{"line":14,"column":8},"end":{"line":19,"column":9}},"4":{"start":{"line":15,"column":25},"end":{"line":15,"column":58}},"5":{"start":{"line":16,"column":12},"end":{"line":16,"column":39}},"6":{"start":{"line":18,"column":12},"end":{"line":18,"column":38}},"7":{"start":{"line":23,"column":19},"end":{"line":23,"column":32}},"8":{"start":{"line":24,"column":8},"end":{"line":26,"column":9}},"9":{"start":{"line":25,"column":12},"end":{"line":25,"column":61}},"10":{"start":{"line":28,"column":8},"end":{"line":38,"column":9}},"11":{"start":{"line":29,"column":32},"end":{"line":29,"column":70}},"12":{"start":{"line":31,"column":12},"end":{"line":33,"column":13}},"13":{"start":{"line":32,"column":16},"end":{"line":32,"column":62}},"14":{"start":{"line":35,"column":12},"end":{"line":35,"column":34}},"15":{"start":{"line":37,"column":12},"end":{"line":37,"column":38}},"16":{"start":{"line":42,"column":23},"end":{"line":42,"column":32}},"17":{"start":{"line":43,"column":8},"end":{"line":43,"column":28}},"18":{"start":{"line":44,"column":8},"end":{"line":54,"column":9}},"19":{"start":{"line":45,"column":12},"end":{"line":51,"column":13}},"20":{"start":{"line":46,"column":30},"end":{"line":46,"column":76}},"21":{"start":{"line":47,"column":16},"end":{"line":47,"column":39}},"22":{"start":{"line":49,"column":30},"end":{"line":49,"column":53}},"23":{"start":{"line":50,"column":16},"end":{"line":50,"column":39}},"24":{"start":{"line":53,"column":12},"end":{"line":53,"column":45}},"25":{"start":{"line":58,"column":23},"end":{"line":58,"column":36}},"26":{"start":{"line":59,"column":8},"end":{"line":69,"column":9}},"27":{"start":{"line":60,"column":25},"end":{"line":60,"column":58}},"28":{"start":{"line":61,"column":12},"end":{"line":65,"column":13}},"29":{"start":{"line":62,"column":16},"end":{"line":62,"column":62}},"30":{"start":{"line":64,"column":16},"end":{"line":64,"column":50}},"31":{"start":{"line":67,"column":12},"end":{"line":67,"column":29}},"32":{"start":{"line":68,"column":12},"end":{"line":68,"column":38}},"33":{"start":{"line":73,"column":23},"end":{"line":73,"column":36}},"34":{"start":{"line":74,"column":8},"end":{"line":76,"column":9}},"35":{"start":{"line":75,"column":12},"end":{"line":75,"column":66}},"36":{"start":{"line":78,"column":8},"end":{"line":88,"column":9}},"37":{"start":{"line":79,"column":32},"end":{"line":79,"column":120}},"38":{"start":{"line":81,"column":12},"end":{"line":83,"column":13}},"39":{"start":{"line":82,"column":16},"end":{"line":82,"column":62}},"40":{"start":{"line":85,"column":12},"end":{"line":85,"column":34}},"41":{"start":{"line":87,"column":12},"end":{"line":87,"column":38}},"42":{"start":{"line":5,"column":0},"end":{"line":5,"column":13}},"43":{"start":{"line":92,"column":25},"end":{"line":94,"column":1}},"44":{"start":{"line":93,"column":4},"end":{"line":93,"column":37}},"45":{"start":{"line":96,"column":0},"end":{"line":96,"column":32}}},"fnMap":{"0":{"name":"(anonymous_8)","decl":{"start":{"line":8,"column":4},"end":{"line":8,"column":16}},"loc":{"start":{"line":8,"column":31},"end":{"line":10,"column":5}}},"1":{"name":"(anonymous_9)","decl":{"start":{"line":12,"column":10},"end":{"line":12,"column":17}},"loc":{"start":{"line":12,"column":45},"end":{"line":20,"column":null}}},"2":{"name":"(anonymous_11)","decl":{"start":{"line":22,"column":10},"end":{"line":22,"column":20}},"loc":{"start":{"line":22,"column":48},"end":{"line":39,"column":null}}},"3":{"name":"(anonymous_13)","decl":{"start":{"line":41,"column":10},"end":{"line":41,"column":16}},"loc":{"start":{"line":41,"column":44},"end":{"line":55,"column":null}}},"4":{"name":"(anonymous_15)","decl":{"start":{"line":57,"column":10},"end":{"line":57,"column":17}},"loc":{"start":{"line":57,"column":45},"end":{"line":70,"column":null}}},"5":{"name":"(anonymous_17)","decl":{"start":{"line":72,"column":10},"end":{"line":72,"column":17}},"loc":{"start":{"line":72,"column":45},"end":{"line":89,"column":null}}},"6":{"name":"(anonymous_19)","decl":{"start":{"line":92,"column":25},"end":{"line":92,"column":29}},"loc":{"start":{"line":92,"column":48},"end":{"line":94,"column":1}}}},"branchMap":{"0":{"loc":{"start":{"line":24,"column":8},"end":{"line":26,"column":9}},"type":"if","locations":[{"start":{"line":24,"column":8},"end":{"line":26,"column":9}}]},"1":{"loc":{"start":{"line":31,"column":12},"end":{"line":33,"column":13}},"type":"if","locations":[{"start":{"line":31,"column":12},"end":{"line":33,"column":13}}]},"2":{"loc":{"start":{"line":45,"column":12},"end":{"line":51,"column":13}},"type":"if","locations":[{"start":{"line":45,"column":12},"end":{"line":51,"column":13}},{"start":{"line":48,"column":19},"end":{"line":51,"column":13}}]},"3":{"loc":{"start":{"line":61,"column":12},"end":{"line":65,"column":13}},"type":"if","locations":[{"start":{"line":61,"column":12},"end":{"line":65,"column":13}},{"start":{"line":63,"column":19},"end":{"line":65,"column":13}}]},"4":{"loc":{"start":{"line":74,"column":8},"end":{"line":76,"column":9}},"type":"if","locations":[{"start":{"line":74,"column":8},"end":{"line":76,"column":9}}]},"5":{"loc":{"start":{"line":81,"column":12},"end":{"line":83,"column":13}},"type":"if","locations":[{"start":{"line":81,"column":12},"end":{"line":83,"column":13}}]}},"s":{"0":3,"1":6,"2":7,"3":7,"4":7,"5":5,"6":2,"7":4,"8":4,"9":0,"10":4,"11":4,"12":4,"13":2,"14":2,"15":0,"16":6,"17":6,"18":6,"19":6,"20":2,"21":2,"22":4,"23":4,"24":0,"25":4,"26":4,"27":4,"28":4,"29":2,"30":2,"31":0,"32":0,"33":4,"34":4,"35":0,"36":4,"37":4,"38":4,"39":2,"40":2,"41":0,"42":3,"43":3,"44":3,"45":3},"f":{"0":6,"1":7,"2":4,"3":6,"4":4,"5":4,"6":3},"b":{"0":[0],"1":[2],"2":[2,4],"3":[2,2],"4":[0],"5":[2]}}
,"C:\\Users\\itair\\OneDrive\\שולחן העבודה\\Assignment_1_WebClass-refresh-token\\src\\controllers\\comment_controllers.ts": {"path":"C:\\Users\\itair\\OneDrive\\שולחן העבודה\\Assignment_1_WebClass-refresh-token\\src\\controllers\\comment_controllers.ts","statementMap":{"0":{"start":{"line":1,"column":0},"end":{"line":1,"column":63}},"1":{"start":{"line":4,"column":0},"end":{"line":4,"column":49}},"2":{"start":{"line":6,"column":26},"end":{"line":6,"column":66}},"3":{"start":{"line":8,"column":0},"end":{"line":8,"column":34}}},"fnMap":{},"branchMap":{},"s":{"0":3,"1":3,"2":3,"3":3},"f":{},"b":{}}
,"C:\\Users\\itair\\OneDrive\\שולחן העבודה\\Assignment_1_WebClass-refresh-token\\src\\controllers\\post_controller.ts": {"path":"C:\\Users\\itair\\OneDrive\\שולחן העבודה\\Assignment_1_WebClass-refresh-token\\src\\controllers\\post_controller.ts","statementMap":{"0":{"start":{"line":1,"column":0},"end":{"line":1,"column":54}},"1":{"start":{"line":4,"column":0},"end":{"line":4,"column":49}},"2":{"start":{"line":8,"column":8},"end":{"line":8,"column":25}},"3":{"start":{"line":12,"column":23},"end":{"line":12,"column":40}},"4":{"start":{"line":13,"column":18},"end":{"line":15,"column":null}},"5":{"start":{"line":17,"column":8},"end":{"line":17,"column":24}},"6":{"start":{"line":18,"column":8},"end":{"line":18,"column":32}},"7":{"start":{"line":22,"column":0},"end":{"line":22,"column":36}}},"fnMap":{"0":{"name":"(anonymous_8)","decl":{"start":{"line":7,"column":4},"end":{"line":7,"column":null}},"loc":{"start":{"line":7,"column":4},"end":{"line":9,"column":5}}},"1":{"name":"(anonymous_9)","decl":{"start":{"line":11,"column":10},"end":{"line":11,"column":17}},"loc":{"start":{"line":11,"column":45},"end":{"line":19,"column":6}}}},"branchMap":{},"s":{"0":3,"1":3,"2":3,"3":5,"4":5,"5":5,"6":5,"7":3},"f":{"0":3,"1":5},"b":{}}
,"C:\\Users\\itair\\OneDrive\\שולחן העבודה\\Assignment_1_WebClass-refresh-token\\src\\controllers\\user_controller.ts": {"path":"C:\\Users\\itair\\OneDrive\\שולחן העבודה\\Assignment_1_WebClass-refresh-token\\src\\controllers\\user_controller.ts","statementMap":{"0":{"start":{"line":2,"column":0},"end":{"line":2,"column":56}},"1":{"start":{"line":3,"column":0},"end":{"line":3,"column":28}},"2":{"start":{"line":4,"column":0},"end":{"line":4,"column":31}},"3":{"start":{"line":5,"column":0},"end":{"line":5,"column":46}},"4":{"start":{"line":6,"column":22},"end":{"line":9,"column":1}},"5":{"start":{"line":7,"column":13},"end":{"line":7,"column":165}},"6":{"start":{"line":8,"column":2},"end":{"line":8,"column":46}},"7":{"start":{"line":11,"column":17},"end":{"line":39,"column":2}},"8":{"start":{"line":11,"column":55},"end":{"line":39,"column":2}},"9":{"start":{"line":12,"column":2},"end":{"line":38,"column":3}},"10":{"start":{"line":13,"column":32},"end":{"line":13,"column":40}},"11":{"start":{"line":16,"column":4},"end":{"line":19,"column":5}},"12":{"start":{"line":17,"column":6},"end":{"line":17,"column":62}},"13":{"start":{"line":18,"column":6},"end":{"line":18,"column":13}},"14":{"start":{"line":22,"column":25},"end":{"line":22,"column":59}},"15":{"start":{"line":23,"column":4},"end":{"line":26,"column":5}},"16":{"start":{"line":24,"column":6},"end":{"line":24,"column":62}},"17":{"start":{"line":25,"column":6},"end":{"line":25,"column":13}},"18":{"start":{"line":28,"column":17},"end":{"line":28,"column":41}},"19":{"start":{"line":29,"column":27},"end":{"line":29,"column":60}},"20":{"start":{"line":31,"column":17},"end":{"line":34,"column":6}},"21":{"start":{"line":35,"column":4},"end":{"line":35,"column":31}},"22":{"start":{"line":37,"column":4},"end":{"line":37,"column":73}},"23":{"start":{"line":41,"column":23},"end":{"line":61,"column":1}},"24":{"start":{"line":42,"column":2},"end":{"line":44,"column":3}},"25":{"start":{"line":43,"column":4},"end":{"line":43,"column":16}},"26":{"start":{"line":45,"column":15},"end":{"line":45,"column":28}},"27":{"start":{"line":46,"column":22},"end":{"line":52,"column":48}},"28":{"start":{"line":53,"column":23},"end":{"line":59,"column":56}},"29":{"start":{"line":60,"column":2},"end":{"line":60,"column":66}},"30":{"start":{"line":63,"column":14},"end":{"line":104,"column":2}},"31":{"start":{"line":63,"column":52},"end":{"line":104,"column":2}},"32":{"start":{"line":64,"column":30},"end":{"line":64,"column":38}},"33":{"start":{"line":67,"column":2},"end":{"line":70,"column":3}},"34":{"start":{"line":68,"column":4},"end":{"line":68,"column":60}},"35":{"start":{"line":69,"column":4},"end":{"line":69,"column":11}},"36":{"start":{"line":72,"column":2},"end":{"line":103,"column":3}},"37":{"start":{"line":73,"column":17},"end":{"line":73,"column":58}},"38":{"start":{"line":74,"column":4},"end":{"line":77,"column":5}},"39":{"start":{"line":75,"column":6},"end":{"line":75,"column":69}},"40":{"start":{"line":76,"column":6},"end":{"line":76,"column":13}},"41":{"start":{"line":79,"column":26},"end":{"line":79,"column":71}},"42":{"start":{"line":80,"column":4},"end":{"line":83,"column":5}},"43":{"start":{"line":81,"column":6},"end":{"line":81,"column":69}},"44":{"start":{"line":82,"column":6},"end":{"line":82,"column":13}},"45":{"start":{"line":85,"column":19},"end":{"line":85,"column":39}},"46":{"start":{"line":86,"column":4},"end":{"line":89,"column":5}},"47":{"start":{"line":87,"column":6},"end":{"line":87,"column":65}},"48":{"start":{"line":88,"column":6},"end":{"line":88,"column":13}},"49":{"start":{"line":91,"column":4},"end":{"line":93,"column":5}},"50":{"start":{"line":92,"column":6},"end":{"line":92,"column":30}},"51":{"start":{"line":94,"column":4},"end":{"line":94,"column":49}},"52":{"start":{"line":95,"column":4},"end":{"line":95,"column":22}},"53":{"start":{"line":97,"column":4},"end":{"line":100,"column":7}},"54":{"start":{"line":102,"column":4},"end":{"line":102,"column":66}},"55":{"start":{"line":106,"column":29},"end":{"line":141,"column":1}},"56":{"start":{"line":107,"column":2},"end":{"line":140,"column":5}},"57":{"start":{"line":108,"column":4},"end":{"line":111,"column":5}},"58":{"start":{"line":109,"column":6},"end":{"line":109,"column":22}},"59":{"start":{"line":110,"column":6},"end":{"line":110,"column":13}},"60":{"start":{"line":112,"column":4},"end":{"line":115,"column":5}},"61":{"start":{"line":113,"column":6},"end":{"line":113,"column":22}},"62":{"start":{"line":114,"column":6},"end":{"line":114,"column":13}},"63":{"start":{"line":116,"column":4},"end":{"line":139,"column":7}},"64":{"start":{"line":116,"column":88},"end":{"line":139,"column":6}},"65":{"start":{"line":117,"column":6},"end":{"line":120,"column":7}},"66":{"start":{"line":118,"column":8},"end":{"line":118,"column":20}},"67":{"start":{"line":119,"column":8},"end":{"line":119,"column":15}},"68":{"start":{"line":121,"column":22},"end":{"line":121,"column":45}},"69":{"start":{"line":122,"column":6},"end":{"line":138,"column":7}},"70":{"start":{"line":123,"column":21},"end":{"line":123,"column":53}},"71":{"start":{"line":124,"column":8},"end":{"line":127,"column":9}},"72":{"start":{"line":125,"column":10},"end":{"line":125,"column":26}},"73":{"start":{"line":126,"column":10},"end":{"line":126,"column":17}},"74":{"start":{"line":129,"column":8},"end":{"line":134,"column":9}},"75":{"start":{"line":130,"column":10},"end":{"line":130,"column":34}},"76":{"start":{"line":131,"column":10},"end":{"line":131,"column":28}},"77":{"start":{"line":132,"column":10},"end":{"line":132,"column":22}},"78":{"start":{"line":133,"column":10},"end":{"line":133,"column":17}},"79":{"start":{"line":135,"column":8},"end":{"line":135,"column":22}},"80":{"start":{"line":137,"column":8},"end":{"line":137,"column":20}},"81":{"start":{"line":143,"column":15},"end":{"line":158,"column":2}},"82":{"start":{"line":143,"column":53},"end":{"line":158,"column":2}},"83":{"start":{"line":144,"column":2},"end":{"line":157,"column":3}},"84":{"start":{"line":145,"column":17},"end":{"line":145,"column":66}},"85":{"start":{"line":146,"column":4},"end":{"line":149,"column":5}},"86":{"start":{"line":147,"column":6},"end":{"line":147,"column":36}},"87":{"start":{"line":148,"column":6},"end":{"line":148,"column":13}},"88":{"start":{"line":151,"column":4},"end":{"line":151,"column":96}},"89":{"start":{"line":151,"column":63},"end":{"line":151,"column":94}},"90":{"start":{"line":152,"column":4},"end":{"line":152,"column":22}},"91":{"start":{"line":153,"column":4},"end":{"line":153,"column":39}},"92":{"start":{"line":155,"column":4},"end":{"line":155,"column":34}},"93":{"start":{"line":156,"column":4},"end":{"line":156,"column":11}},"94":{"start":{"line":160,"column":16},"end":{"line":179,"column":2}},"95":{"start":{"line":160,"column":54},"end":{"line":179,"column":2}},"96":{"start":{"line":161,"column":2},"end":{"line":178,"column":3}},"97":{"start":{"line":162,"column":17},"end":{"line":162,"column":66}},"98":{"start":{"line":164,"column":19},"end":{"line":164,"column":39}},"99":{"start":{"line":165,"column":4},"end":{"line":168,"column":5}},"100":{"start":{"line":166,"column":6},"end":{"line":166,"column":36}},"101":{"start":{"line":167,"column":6},"end":{"line":167,"column":13}},"102":{"start":{"line":169,"column":4},"end":{"line":169,"column":96}},"103":{"start":{"line":169,"column":63},"end":{"line":169,"column":94}},"104":{"start":{"line":170,"column":4},"end":{"line":170,"column":49}},"105":{"start":{"line":171,"column":4},"end":{"line":171,"column":22}},"106":{"start":{"line":172,"column":4},"end":{"line":175,"column":7}},"107":{"start":{"line":177,"column":4},"end":{"line":177,"column":34}},"108":{"start":{"line":181,"column":20},"end":{"line":193,"column":2}},"109":{"start":{"line":181,"column":58},"end":{"line":193,"column":2}},"110":{"start":{"line":182,"column":2},"end":{"line":192,"column":3}},"111":{"start":{"line":183,"column":19},"end":{"line":183,"column":61}},"112":{"start":{"line":184,"column":17},"end":{"line":184,"column":49}},"113":{"start":{"line":185,"column":4},"end":{"line":188,"column":5}},"114":{"start":{"line":186,"column":6},"end":{"line":186,"column":45}},"115":{"start":{"line":187,"column":6},"end":{"line":187,"column":13}},"116":{"start":{"line":189,"column":4},"end":{"line":189,"column":31}},"117":{"start":{"line":191,"column":4},"end":{"line":191,"column":30}},"118":{"start":{"line":195,"column":20},"end":{"line":202,"column":2}},"119":{"start":{"line":195,"column":58},"end":{"line":202,"column":2}},"120":{"start":{"line":196,"column":2},"end":{"line":201,"column":3}},"121":{"start":{"line":197,"column":18},"end":{"line":197,"column":40}},"122":{"start":{"line":198,"column":4},"end":{"line":198,"column":32}},"123":{"start":{"line":200,"column":4},"end":{"line":200,"column":30}},"124":{"start":{"line":204,"column":19},"end":{"line":220,"column":2}},"125":{"start":{"line":204,"column":57},"end":{"line":220,"column":2}},"126":{"start":{"line":205,"column":2},"end":{"line":219,"column":3}},"127":{"start":{"line":206,"column":19},"end":{"line":206,"column":61}},"128":{"start":{"line":207,"column":17},"end":{"line":207,"column":83}},"129":{"start":{"line":208,"column":4},"end":{"line":211,"column":5}},"130":{"start":{"line":209,"column":6},"end":{"line":209,"column":45}},"131":{"start":{"line":210,"column":6},"end":{"line":210,"column":13}},"132":{"start":{"line":212,"column":4},"end":{"line":215,"column":5}},"133":{"start":{"line":213,"column":6},"end":{"line":213,"column":62}},"134":{"start":{"line":214,"column":6},"end":{"line":214,"column":13}},"135":{"start":{"line":216,"column":4},"end":{"line":216,"column":31}},"136":{"start":{"line":218,"column":4},"end":{"line":218,"column":30}},"137":{"start":{"line":222,"column":19},"end":{"line":232,"column":2}},"138":{"start":{"line":222,"column":57},"end":{"line":232,"column":2}},"139":{"start":{"line":223,"column":2},"end":{"line":231,"column":3}},"140":{"start":{"line":224,"column":19},"end":{"line":224,"column":61}},"141":{"start":{"line":225,"column":17},"end":{"line":225,"column":58}},"142":{"start":{"line":226,"column":4},"end":{"line":228,"column":5}},"143":{"start":{"line":227,"column":4},"end":{"line":227,"column":41}},"144":{"start":{"line":230,"column":4},"end":{"line":230,"column":30}},"145":{"start":{"line":237,"column":30},"end":{"line":257,"column":1}},"146":{"start":{"line":238,"column":22},"end":{"line":238,"column":50}},"147":{"start":{"line":239,"column":16},"end":{"line":239,"column":56}},"148":{"start":{"line":240,"column":2},"end":{"line":243,"column":3}},"149":{"start":{"line":241,"column":4},"end":{"line":241,"column":42}},"150":{"start":{"line":242,"column":4},"end":{"line":242,"column":11}},"151":{"start":{"line":244,"column":2},"end":{"line":247,"column":3}},"152":{"start":{"line":245,"column":4},"end":{"line":245,"column":41}},"153":{"start":{"line":246,"column":4},"end":{"line":246,"column":11}},"154":{"start":{"line":248,"column":2},"end":{"line":256,"column":5}},"155":{"start":{"line":249,"column":4},"end":{"line":255,"column":5}},"156":{"start":{"line":250,"column":6},"end":{"line":250,"column":44}},"157":{"start":{"line":252,"column":22},"end":{"line":252,"column":45}},"158":{"start":{"line":253,"column":6},"end":{"line":253,"column":33}},"159":{"start":{"line":254,"column":6},"end":{"line":254,"column":13}},"160":{"start":{"line":237,"column":13},"end":{"line":237,"column":30}},"161":{"start":{"line":259,"column":0},"end":{"line":268,"column":null}}},"fnMap":{"0":{"name":"(anonymous_8)","decl":{"start":{"line":6,"column":22},"end":{"line":6,"column":23}},"loc":{"start":{"line":6,"column":49},"end":{"line":9,"column":1}}},"1":{"name":"(anonymous_9)","decl":{"start":{"line":11,"column":17},"end":{"line":11,"column":24}},"loc":{"start":{"line":11,"column":55},"end":{"line":39,"column":2}}},"2":{"name":"(anonymous_10)","decl":{"start":{"line":11,"column":55},"end":{"line":11,"column":null}},"loc":{"start":{"line":11,"column":55},"end":{"line":39,"column":1}}},"3":{"name":"(anonymous_11)","decl":{"start":{"line":41,"column":23},"end":{"line":41,"column":24}},"loc":{"start":{"line":41,"column":93},"end":{"line":61,"column":1}}},"4":{"name":"(anonymous_12)","decl":{"start":{"line":63,"column":14},"end":{"line":63,"column":21}},"loc":{"start":{"line":63,"column":52},"end":{"line":104,"column":2}}},"5":{"name":"(anonymous_13)","decl":{"start":{"line":63,"column":52},"end":{"line":63,"column":null}},"loc":{"start":{"line":63,"column":52},"end":{"line":104,"column":1}}},"6":{"name":"(anonymous_14)","decl":{"start":{"line":106,"column":29},"end":{"line":106,"column":30}},"loc":{"start":{"line":106,"column":66},"end":{"line":141,"column":1}}},"7":{"name":"(anonymous_15)","decl":{"start":{"line":107,"column":59},"end":{"line":107,"column":60}},"loc":{"start":{"line":107,"column":79},"end":{"line":140,"column":3}}},"8":{"name":"(anonymous_16)","decl":{"start":{"line":116,"column":55},"end":{"line":116,"column":62}},"loc":{"start":{"line":116,"column":88},"end":{"line":139,"column":6}}},"9":{"name":"(anonymous_17)","decl":{"start":{"line":116,"column":88},"end":{"line":116,"column":null}},"loc":{"start":{"line":116,"column":88},"end":{"line":139,"column":5}}},"10":{"name":"(anonymous_18)","decl":{"start":{"line":143,"column":15},"end":{"line":143,"column":22}},"loc":{"start":{"line":143,"column":53},"end":{"line":158,"column":2}}},"11":{"name":"(anonymous_19)","decl":{"start":{"line":143,"column":53},"end":{"line":143,"column":null}},"loc":{"start":{"line":143,"column":53},"end":{"line":158,"column":1}}},"12":{"name":"(anonymous_20)","decl":{"start":{"line":151,"column":52},"end":{"line":151,"column":53}},"loc":{"start":{"line":151,"column":63},"end":{"line":151,"column":94}}},"13":{"name":"(anonymous_21)","decl":{"start":{"line":160,"column":16},"end":{"line":160,"column":23}},"loc":{"start":{"line":160,"column":54},"end":{"line":179,"column":2}}},"14":{"name":"(anonymous_22)","decl":{"start":{"line":160,"column":54},"end":{"line":160,"column":null}},"loc":{"start":{"line":160,"column":54},"end":{"line":179,"column":1}}},"15":{"name":"(anonymous_23)","decl":{"start":{"line":169,"column":52},"end":{"line":169,"column":53}},"loc":{"start":{"line":169,"column":63},"end":{"line":169,"column":94}}},"16":{"name":"(anonymous_24)","decl":{"start":{"line":181,"column":20},"end":{"line":181,"column":27}},"loc":{"start":{"line":181,"column":58},"end":{"line":193,"column":2}}},"17":{"name":"(anonymous_25)","decl":{"start":{"line":181,"column":58},"end":{"line":181,"column":null}},"loc":{"start":{"line":181,"column":58},"end":{"line":193,"column":1}}},"18":{"name":"(anonymous_26)","decl":{"start":{"line":195,"column":20},"end":{"line":195,"column":27}},"loc":{"start":{"line":195,"column":58},"end":{"line":202,"column":2}}},"19":{"name":"(anonymous_27)","decl":{"start":{"line":195,"column":58},"end":{"line":195,"column":null}},"loc":{"start":{"line":195,"column":58},"end":{"line":202,"column":1}}},"20":{"name":"(anonymous_28)","decl":{"start":{"line":204,"column":19},"end":{"line":204,"column":26}},"loc":{"start":{"line":204,"column":57},"end":{"line":220,"column":2}}},"21":{"name":"(anonymous_29)","decl":{"start":{"line":204,"column":57},"end":{"line":204,"column":null}},"loc":{"start":{"line":204,"column":57},"end":{"line":220,"column":1}}},"22":{"name":"(anonymous_30)","decl":{"start":{"line":222,"column":19},"end":{"line":222,"column":26}},"loc":{"start":{"line":222,"column":57},"end":{"line":232,"column":2}}},"23":{"name":"(anonymous_31)","decl":{"start":{"line":222,"column":57},"end":{"line":222,"column":null}},"loc":{"start":{"line":222,"column":57},"end":{"line":232,"column":1}}},"24":{"name":"(anonymous_32)","decl":{"start":{"line":237,"column":30},"end":{"line":237,"column":31}},"loc":{"start":{"line":237,"column":82},"end":{"line":257,"column":1}}},"25":{"name":"(anonymous_33)","decl":{"start":{"line":248,"column":46},"end":{"line":248,"column":47}},"loc":{"start":{"line":248,"column":63},"end":{"line":256,"column":3}}}},"branchMap":{"0":{"loc":{"start":{"line":16,"column":4},"end":{"line":19,"column":5}},"type":"if","locations":[{"start":{"line":16,"column":4},"end":{"line":19,"column":5}}]},"1":{"loc":{"start":{"line":23,"column":4},"end":{"line":26,"column":5}},"type":"if","locations":[{"start":{"line":23,"column":4},"end":{"line":26,"column":5}}]},"2":{"loc":{"start":{"line":42,"column":2},"end":{"line":44,"column":3}},"type":"if","locations":[{"start":{"line":42,"column":2},"end":{"line":44,"column":3}}]},"3":{"loc":{"start":{"line":67,"column":2},"end":{"line":70,"column":3}},"type":"if","locations":[{"start":{"line":67,"column":2},"end":{"line":70,"column":3}}]},"4":{"loc":{"start":{"line":74,"column":4},"end":{"line":77,"column":5}},"type":"if","locations":[{"start":{"line":74,"column":4},"end":{"line":77,"column":5}}]},"5":{"loc":{"start":{"line":80,"column":4},"end":{"line":83,"column":5}},"type":"if","locations":[{"start":{"line":80,"column":4},"end":{"line":83,"column":5}}]},"6":{"loc":{"start":{"line":86,"column":4},"end":{"line":89,"column":5}},"type":"if","locations":[{"start":{"line":86,"column":4},"end":{"line":89,"column":5}}]},"7":{"loc":{"start":{"line":91,"column":4},"end":{"line":93,"column":5}},"type":"if","locations":[{"start":{"line":91,"column":4},"end":{"line":93,"column":5}}]},"8":{"loc":{"start":{"line":108,"column":4},"end":{"line":111,"column":5}},"type":"if","locations":[{"start":{"line":108,"column":4},"end":{"line":111,"column":5}}]},"9":{"loc":{"start":{"line":112,"column":4},"end":{"line":115,"column":5}},"type":"if","locations":[{"start":{"line":112,"column":4},"end":{"line":115,"column":5}}]},"10":{"loc":{"start":{"line":117,"column":6},"end":{"line":120,"column":7}},"type":"if","locations":[{"start":{"line":117,"column":6},"end":{"line":120,"column":7}}]},"11":{"loc":{"start":{"line":124,"column":8},"end":{"line":127,"column":9}},"type":"if","locations":[{"start":{"line":124,"column":8},"end":{"line":127,"column":9}}]},"12":{"loc":{"start":{"line":129,"column":8},"end":{"line":134,"column":9}},"type":"if","locations":[{"start":{"line":129,"column":8},"end":{"line":134,"column":9}}]},"13":{"loc":{"start":{"line":129,"column":12},"end":{"line":129,"column":77}},"type":"binary-expr","locations":[{"start":{"line":129,"column":12},"end":{"line":129,"column":31}},{"start":{"line":129,"column":35},"end":{"line":129,"column":77}}]},"14":{"loc":{"start":{"line":146,"column":4},"end":{"line":149,"column":5}},"type":"if","locations":[{"start":{"line":146,"column":4},"end":{"line":149,"column":5}}]},"15":{"loc":{"start":{"line":165,"column":4},"end":{"line":168,"column":5}},"type":"if","locations":[{"start":{"line":165,"column":4},"end":{"line":168,"column":5}}]},"16":{"loc":{"start":{"line":185,"column":4},"end":{"line":188,"column":5}},"type":"if","locations":[{"start":{"line":185,"column":4},"end":{"line":188,"column":5}}]},"17":{"loc":{"start":{"line":208,"column":4},"end":{"line":211,"column":5}},"type":"if","locations":[{"start":{"line":208,"column":4},"end":{"line":211,"column":5}}]},"18":{"loc":{"start":{"line":212,"column":4},"end":{"line":215,"column":5}},"type":"if","locations":[{"start":{"line":212,"column":4},"end":{"line":215,"column":5}}]},"19":{"loc":{"start":{"line":226,"column":4},"end":{"line":228,"column":5}},"type":"if","locations":[{"start":{"line":226,"column":4},"end":{"line":228,"column":5}}]},"20":{"loc":{"start":{"line":239,"column":16},"end":{"line":239,"column":56}},"type":"binary-expr","locations":[{"start":{"line":239,"column":16},"end":{"line":239,"column":27}},{"start":{"line":239,"column":31},"end":{"line":239,"column":56}}]},"21":{"loc":{"start":{"line":240,"column":2},"end":{"line":243,"column":3}},"type":"if","locations":[{"start":{"line":240,"column":2},"end":{"line":243,"column":3}}]},"22":{"loc":{"start":{"line":244,"column":2},"end":{"line":247,"column":3}},"type":"if","locations":[{"start":{"line":244,"column":2},"end":{"line":247,"column":3}}]},"23":{"loc":{"start":{"line":249,"column":4},"end":{"line":255,"column":5}},"type":"if","locations":[{"start":{"line":249,"column":4},"end":{"line":255,"column":5}},{"start":{"line":251,"column":11},"end":{"line":255,"column":5}}]}},"s":{"0":3,"1":3,"2":3,"3":3,"4":3,"5":15,"6":15,"7":3,"8":5,"9":5,"10":5,"11":5,"12":1,"13":1,"14":4,"15":4,"16":1,"17":1,"18":3,"19":3,"20":3,"21":3,"22":0,"23":3,"24":10,"25":1,"26":9,"27":9,"28":9,"29":9,"30":3,"31":8,"32":8,"33":8,"34":0,"35":0,"36":8,"37":8,"38":8,"39":0,"40":0,"41":8,"42":8,"43":1,"44":1,"45":7,"46":7,"47":1,"48":1,"49":6,"50":0,"51":6,"52":6,"53":6,"54":0,"55":3,"56":8,"57":8,"58":0,"59":0,"60":8,"61":0,"62":0,"63":8,"64":8,"65":8,"66":1,"67":1,"68":7,"69":7,"70":7,"71":7,"72":0,"73":0,"74":7,"75":3,"76":3,"77":3,"78":3,"79":4,"80":0,"81":3,"82":1,"83":1,"84":1,"85":1,"86":0,"87":0,"88":1,"89":1,"90":1,"91":1,"92":0,"93":0,"94":3,"95":7,"96":7,"97":7,"98":3,"99":3,"100":0,"101":0,"102":3,"103":5,"104":3,"105":3,"106":3,"107":4,"108":3,"109":2,"110":2,"111":2,"112":2,"113":2,"114":1,"115":1,"116":1,"117":0,"118":3,"119":0,"120":0,"121":0,"122":0,"123":0,"124":3,"125":2,"126":2,"127":2,"128":2,"129":2,"130":0,"131":0,"132":2,"133":1,"134":1,"135":1,"136":0,"137":3,"138":2,"139":2,"140":2,"141":1,"142":1,"143":1,"144":1,"145":3,"146":14,"147":14,"148":14,"149":1,"150":1,"151":13,"152":0,"153":0,"154":13,"155":13,"156":2,"157":11,"158":11,"159":11,"160":3,"161":3},"f":{"0":15,"1":5,"2":5,"3":10,"4":8,"5":8,"6":8,"7":8,"8":8,"9":8,"10":1,"11":1,"12":1,"13":7,"14":7,"15":5,"16":2,"17":2,"18":0,"19":0,"20":2,"21":2,"22":2,"23":2,"24":14,"25":13},"b":{"0":[1],"1":[1],"2":[1],"3":[0],"4":[0],"5":[1],"6":[1],"7":[0],"8":[0],"9":[0],"10":[1],"11":[0],"12":[3],"13":[7,7],"14":[0],"15":[0],"16":[1],"17":[0],"18":[1],"19":[1],"20":[14,13],"21":[1],"22":[0],"23":[2,11]}}
,"C:\\Users\\itair\\OneDrive\\שולחן העבודה\\Assignment_1_WebClass-refresh-token\\src\\models\\Comments_model.ts": {"path":"C:\\Users\\itair\\OneDrive\\שולחן העבודה\\Assignment_1_WebClass-refresh-token\\src\\models\\Comments_model.ts","statementMap":{"0":{"start":{"line":1,"column":0},"end":{"line":1,"column":32}},"1":{"start":{"line":2,"column":15},"end":{"line":2,"column":30}},"2":{"start":{"line":10,"column":22},"end":{"line":24,"column":2}},"3":{"start":{"line":25,"column":20},"end":{"line":25,"column":71}},"4":{"start":{"line":26,"column":0},"end":{"line":26,"column":28}}},"fnMap":{},"branchMap":{},"s":{"0":3,"1":3,"2":3,"3":3,"4":3},"f":{},"b":{}}
,"C:\\Users\\itair\\OneDrive\\שולחן העבודה\\Assignment_1_WebClass-refresh-token\\src\\models\\posts_model.ts": {"path":"C:\\Users\\itair\\OneDrive\\שולחן העבודה\\Assignment_1_WebClass-refresh-token\\src\\models\\posts_model.ts","statementMap":{"0":{"start":{"line":1,"column":0},"end":{"line":1,"column":54}},"1":{"start":{"line":9,"column":19},"end":{"line":20,"column":2}},"2":{"start":{"line":22,"column":18},"end":{"line":22,"column":60}},"3":{"start":{"line":23,"column":0},"end":{"line":23,"column":25}}},"fnMap":{},"branchMap":{},"s":{"0":3,"1":3,"2":3,"3":3},"f":{},"b":{}}
,"C:\\Users\\itair\\OneDrive\\שולחן העבודה\\Assignment_1_WebClass-refresh-token\\src\\models\\user_model.ts": {"path":"C:\\Users\\itair\\OneDrive\\שולחן העבודה\\Assignment_1_WebClass-refresh-token\\src\\models\\user_model.ts","statementMap":{"0":{"start":{"line":1,"column":0},"end":{"line":1,"column":32}},"1":{"start":{"line":9,"column":19},"end":{"line":23,"column":2}},"2":{"start":{"line":24,"column":18},"end":{"line":24,"column":60}},"3":{"start":{"line":25,"column":0},"end":{"line":25,"column":25}}},"fnMap":{},"branchMap":{},"s":{"0":3,"1":3,"2":3,"3":3},"f":{},"b":{}}
,"C:\\Users\\itair\\OneDrive\\שולחן העבודה\\Assignment_1_WebClass-refresh-token\\src\\routes\\comments_routes.ts": {"path":"C:\\Users\\itair\\OneDrive\\שולחן העבודה\\Assignment_1_WebClass-refresh-token\\src\\routes\\comments_routes.ts","statementMap":{"0":{"start":{"line":1,"column":0},"end":{"line":1,"column":62}},"1":{"start":{"line":2,"column":15},"end":{"line":2,"column":31}},"2":{"start":{"line":3,"column":0},"end":{"line":3,"column":58}},"3":{"start":{"line":4,"column":0},"end":{"line":4,"column":64}},"4":{"start":{"line":66,"column":0},"end":{"line":68,"column":3}},"5":{"start":{"line":67,"column":4},"end":{"line":67,"column":31}},"6":{"start":{"line":89,"column":0},"end":{"line":91,"column":3}},"7":{"start":{"line":90,"column":4},"end":{"line":90,"column":30}},"8":{"start":{"line":119,"column":0},"end":{"line":121,"column":3}},"9":{"start":{"line":120,"column":4},"end":{"line":120,"column":31}},"10":{"start":{"line":157,"column":0},"end":{"line":159,"column":3}},"11":{"start":{"line":158,"column":4},"end":{"line":158,"column":31}},"12":{"start":{"line":185,"column":0},"end":{"line":187,"column":3}},"13":{"start":{"line":186,"column":4},"end":{"line":186,"column":34}},"14":{"start":{"line":189,"column":0},"end":{"line":189,"column":22}}},"fnMap":{"0":{"name":"(anonymous_1)","decl":{"start":{"line":66,"column":33},"end":{"line":66,"column":34}},"loc":{"start":{"line":66,"column":65},"end":{"line":68,"column":1}}},"1":{"name":"(anonymous_2)","decl":{"start":{"line":89,"column":16},"end":{"line":89,"column":17}},"loc":{"start":{"line":89,"column":48},"end":{"line":91,"column":1}}},"2":{"name":"(anonymous_3)","decl":{"start":{"line":119,"column":19},"end":{"line":119,"column":20}},"loc":{"start":{"line":119,"column":51},"end":{"line":121,"column":1}}},"3":{"name":"(anonymous_4)","decl":{"start":{"line":157,"column":19},"end":{"line":157,"column":20}},"loc":{"start":{"line":157,"column":51},"end":{"line":159,"column":1}}},"4":{"name":"(anonymous_5)","decl":{"start":{"line":185,"column":38},"end":{"line":185,"column":39}},"loc":{"start":{"line":185,"column":70},"end":{"line":187,"column":1}}}},"branchMap":{},"s":{"0":3,"1":3,"2":3,"3":3,"4":3,"5":2,"6":3,"7":3,"8":3,"9":2,"10":3,"11":2,"12":3,"13":2,"14":3},"f":{"0":2,"1":3,"2":2,"3":2,"4":2},"b":{}}
,"C:\\Users\\itair\\OneDrive\\שולחן העבודה\\Assignment_1_WebClass-refresh-token\\src\\routes\\posts_routes.ts": {"path":"C:\\Users\\itair\\OneDrive\\שולחן העבודה\\Assignment_1_WebClass-refresh-token\\src\\routes\\posts_routes.ts","statementMap":{"0":{"start":{"line":1,"column":0},"end":{"line":1,"column":62}},"1":{"start":{"line":2,"column":15},"end":{"line":2,"column":31}},"2":{"start":{"line":3,"column":0},"end":{"line":3,"column":51}},"3":{"start":{"line":4,"column":0},"end":{"line":4,"column":62}},"4":{"start":{"line":78,"column":0},"end":{"line":78,"column":60}},"5":{"start":{"line":99,"column":0},"end":{"line":101,"column":3}},"6":{"start":{"line":100,"column":4},"end":{"line":100,"column":27}},"7":{"start":{"line":129,"column":0},"end":{"line":131,"column":3}},"8":{"start":{"line":130,"column":4},"end":{"line":130,"column":28}},"9":{"start":{"line":167,"column":0},"end":{"line":169,"column":3}},"10":{"start":{"line":168,"column":4},"end":{"line":168,"column":28}},"11":{"start":{"line":197,"column":0},"end":{"line":199,"column":3}},"12":{"start":{"line":198,"column":4},"end":{"line":198,"column":31}},"13":{"start":{"line":201,"column":0},"end":{"line":201,"column":22}}},"fnMap":{"0":{"name":"(anonymous_1)","decl":{"start":{"line":99,"column":16},"end":{"line":99,"column":17}},"loc":{"start":{"line":99,"column":48},"end":{"line":101,"column":1}}},"1":{"name":"(anonymous_2)","decl":{"start":{"line":129,"column":19},"end":{"line":129,"column":20}},"loc":{"start":{"line":129,"column":51},"end":{"line":131,"column":1}}},"2":{"name":"(anonymous_3)","decl":{"start":{"line":167,"column":19},"end":{"line":167,"column":20}},"loc":{"start":{"line":167,"column":51},"end":{"line":169,"column":1}}},"3":{"name":"(anonymous_4)","decl":{"start":{"line":197,"column":38},"end":{"line":197,"column":39}},"loc":{"start":{"line":197,"column":70},"end":{"line":199,"column":1}}}},"branchMap":{},"s":{"0":3,"1":3,"2":3,"3":3,"4":3,"5":3,"6":3,"7":3,"8":2,"9":3,"10":2,"11":3,"12":2,"13":3},"f":{"0":3,"1":2,"2":2,"3":2},"b":{}}
,"C:\\Users\\itair\\OneDrive\\שולחן העבודה\\Assignment_1_WebClass-refresh-token\\src\\routes\\user_routes.ts": {"path":"C:\\Users\\itair\\OneDrive\\שולחן העבודה\\Assignment_1_WebClass-refresh-token\\src\\routes\\user_routes.ts","statementMap":{"0":{"start":{"line":1,"column":0},"end":{"line":1,"column":53}},"1":{"start":{"line":2,"column":0},"end":{"line":2,"column":60}},"2":{"start":{"line":3,"column":15},"end":{"line":3,"column":31}},"3":{"start":{"line":68,"column":0},"end":{"line":68,"column":50}},"4":{"start":{"line":110,"column":0},"end":{"line":110,"column":44}},"5":{"start":{"line":145,"column":0},"end":{"line":145,"column":46}},"6":{"start":{"line":189,"column":0},"end":{"line":189,"column":48}},"7":{"start":{"line":217,"column":0},"end":{"line":217,"column":47}},"8":{"start":{"line":238,"column":0},"end":{"line":238,"column":44}},"9":{"start":{"line":272,"column":0},"end":{"line":272,"column":46}},"10":{"start":{"line":296,"column":0},"end":{"line":296,"column":49}},"11":{"start":{"line":298,"column":0},"end":{"line":298,"column":22}}},"fnMap":{},"branchMap":{},"s":{"0":3,"1":3,"2":3,"3":3,"4":3,"5":3,"6":3,"7":3,"8":3,"9":3,"10":3,"11":3},"f":{},"b":{}}
}
