TN:
SF:src\server.ts
FN:40,(anonymous_1)
FN:42,(anonymous_2)
FN:44,(anonymous_3)
FN:47,(anonymous_4)
FN:55,(anonymous_5)
FN:57,(anonymous_6)
FNF:6
FNH:4
FNDA:3,(anonymous_1)
FNDA:3,(anonymous_2)
FNDA:0,(anonymous_3)
FNDA:3,(anonymous_4)
FNDA:3,(anonymous_5)
FNDA:0,(anonymous_6)
DA:1,3
DA:2,3
DA:3,3
DA:4,3
DA:5,3
DA:6,3
DA:7,3
DA:8,3
DA:9,3
DA:10,3
DA:11,3
DA:13,3
DA:14,3
DA:16,3
DA:17,3
DA:18,3
DA:21,3
DA:33,3
DA:34,3
DA:40,3
DA:41,3
DA:42,3
DA:43,3
DA:44,3
DA:45,0
DA:47,3
DA:48,3
DA:51,3
DA:52,0
DA:53,0
DA:55,3
DA:56,3
DA:57,3
DA:58,0
DA:60,3
DA:65,3
LF:36
LH:32
BRDA:51,0,0,0
BRDA:51,0,1,3
BRF:2
BRH:1
end_of_record
TN:
SF:src\controllers\base_controller.ts
FN:8,(anonymous_8)
FN:12,(anonymous_9)
FN:22,(anonymous_11)
FN:41,(anonymous_13)
FN:57,(anonymous_15)
FN:72,(anonymous_17)
FN:92,(anonymous_19)
FNF:7
FNH:7
FNDA:6,(anonymous_8)
FNDA:7,(anonymous_9)
FNDA:4,(anonymous_11)
FNDA:6,(anonymous_13)
FNDA:4,(anonymous_15)
FNDA:4,(anonymous_17)
FNDA:3,(anonymous_19)
DA:1,3
DA:5,3
DA:9,6
DA:13,7
DA:14,7
DA:15,7
DA:16,5
DA:18,2
DA:23,4
DA:24,4
DA:25,0
DA:28,4
DA:29,4
DA:31,4
DA:32,2
DA:35,2
DA:37,0
DA:42,6
DA:43,6
DA:44,6
DA:45,6
DA:46,2
DA:47,2
DA:49,4
DA:50,4
DA:53,0
DA:58,4
DA:59,4
DA:60,4
DA:61,4
DA:62,2
DA:64,2
DA:67,0
DA:68,0
DA:73,4
DA:74,4
DA:75,0
DA:78,4
DA:79,4
DA:81,4
DA:82,2
DA:85,2
DA:87,0
DA:92,3
DA:93,3
DA:96,3
LF:46
LH:39
BRDA:24,0,0,0
BRDA:31,1,0,2
BRDA:45,2,0,2
BRDA:45,2,1,4
BRDA:61,3,0,2
BRDA:61,3,1,2
BRDA:74,4,0,0
BRDA:81,5,0,2
BRF:8
BRH:6
end_of_record
TN:
SF:src\controllers\comment_controllers.ts
FNF:0
FNH:0
DA:1,3
DA:4,3
DA:6,3
DA:8,3
LF:4
LH:4
BRF:0
BRH:0
end_of_record
TN:
SF:src\controllers\post_controller.ts
FN:7,(anonymous_8)
FN:11,(anonymous_9)
FNF:2
FNH:2
FNDA:3,(anonymous_8)
FNDA:5,(anonymous_9)
DA:1,3
DA:4,3
DA:8,3
DA:12,5
DA:13,5
DA:17,5
DA:18,5
DA:22,3
LF:8
LH:8
BRF:0
BRH:0
end_of_record
TN:
SF:src\controllers\user_controller.ts
FN:6,(anonymous_8)
FN:11,(anonymous_9)
FN:11,(anonymous_10)
FN:41,(anonymous_11)
FN:63,(anonymous_12)
FN:63,(anonymous_13)
FN:106,(anonymous_14)
FN:107,(anonymous_15)
FN:116,(anonymous_16)
FN:116,(anonymous_17)
FN:143,(anonymous_18)
FN:143,(anonymous_19)
FN:151,(anonymous_20)
FN:160,(anonymous_21)
FN:160,(anonymous_22)
FN:169,(anonymous_23)
FN:181,(anonymous_24)
FN:181,(anonymous_25)
FN:195,(anonymous_26)
FN:195,(anonymous_27)
FN:204,(anonymous_28)
FN:204,(anonymous_29)
FN:222,(anonymous_30)
FN:222,(anonymous_31)
FN:237,(anonymous_32)
FN:248,(anonymous_33)
FNF:26
FNH:24
FNDA:15,(anonymous_8)
FNDA:5,(anonymous_9)
FNDA:5,(anonymous_10)
FNDA:10,(anonymous_11)
FNDA:8,(anonymous_12)
FNDA:8,(anonymous_13)
FNDA:8,(anonymous_14)
FNDA:8,(anonymous_15)
FNDA:8,(anonymous_16)
FNDA:8,(anonymous_17)
FNDA:1,(anonymous_18)
FNDA:1,(anonymous_19)
FNDA:1,(anonymous_20)
FNDA:7,(anonymous_21)
FNDA:7,(anonymous_22)
FNDA:5,(anonymous_23)
FNDA:2,(anonymous_24)
FNDA:2,(anonymous_25)
FNDA:0,(anonymous_26)
FNDA:0,(anonymous_27)
FNDA:2,(anonymous_28)
FNDA:2,(anonymous_29)
FNDA:2,(anonymous_30)
FNDA:2,(anonymous_31)
FNDA:14,(anonymous_32)
FNDA:13,(anonymous_33)
DA:2,3
DA:3,3
DA:4,3
DA:5,3
DA:6,3
DA:7,15
DA:8,15
DA:11,5
DA:12,5
DA:13,5
DA:16,5
DA:17,1
DA:18,1
DA:22,4
DA:23,4
DA:24,1
DA:25,1
DA:28,3
DA:29,3
DA:31,3
DA:35,3
DA:37,0
DA:41,3
DA:42,10
DA:43,1
DA:45,9
DA:46,9
DA:53,9
DA:60,9
DA:63,8
DA:64,8
DA:67,8
DA:68,0
DA:69,0
DA:72,8
DA:73,8
DA:74,8
DA:75,0
DA:76,0
DA:79,8
DA:80,8
DA:81,1
DA:82,1
DA:85,7
DA:86,7
DA:87,1
DA:88,1
DA:91,6
DA:92,0
DA:94,6
DA:95,6
DA:97,6
DA:102,0
DA:106,3
DA:107,8
DA:108,8
DA:109,0
DA:110,0
DA:112,8
DA:113,0
DA:114,0
DA:116,8
DA:117,8
DA:118,1
DA:119,1
DA:121,7
DA:122,7
DA:123,7
DA:124,7
DA:125,0
DA:126,0
DA:129,7
DA:130,3
DA:131,3
DA:132,3
DA:133,3
DA:135,4
DA:137,0
DA:143,3
DA:144,1
DA:145,1
DA:146,1
DA:147,0
DA:148,0
DA:151,1
DA:152,1
DA:153,1
DA:155,0
DA:156,0
DA:160,7
DA:161,7
DA:162,7
DA:164,3
DA:165,3
DA:166,0
DA:167,0
DA:169,5
DA:170,3
DA:171,3
DA:172,3
DA:177,4
DA:181,3
DA:182,2
DA:183,2
DA:184,2
DA:185,2
DA:186,1
DA:187,1
DA:189,1
DA:191,0
DA:195,3
DA:196,0
DA:197,0
DA:198,0
DA:200,0
DA:204,3
DA:205,2
DA:206,2
DA:207,2
DA:208,2
DA:209,0
DA:210,0
DA:212,2
DA:213,1
DA:214,1
DA:216,1
DA:218,0
DA:222,3
DA:223,2
DA:224,2
DA:225,1
DA:226,1
DA:227,1
DA:230,1
DA:237,3
DA:238,14
DA:239,14
DA:240,14
DA:241,1
DA:242,1
DA:244,13
DA:245,0
DA:246,0
DA:248,13
DA:249,13
DA:250,2
DA:252,11
DA:253,11
DA:254,11
DA:259,3
LF:150
LH:120
BRDA:16,0,0,1
BRDA:23,1,0,1
BRDA:42,2,0,1
BRDA:67,3,0,0
BRDA:74,4,0,0
BRDA:80,5,0,1
BRDA:86,6,0,1
BRDA:91,7,0,0
BRDA:108,8,0,0
BRDA:112,9,0,0
BRDA:117,10,0,1
BRDA:124,11,0,0
BRDA:129,12,0,3
BRDA:129,13,0,7
BRDA:129,13,1,7
BRDA:146,14,0,0
BRDA:165,15,0,0
BRDA:185,16,0,1
BRDA:208,17,0,0
BRDA:212,18,0,1
BRDA:226,19,0,1
BRDA:239,20,0,14
BRDA:239,20,1,13
BRDA:240,21,0,1
BRDA:244,22,0,0
BRDA:249,23,0,2
BRDA:249,23,1,11
BRF:27
BRH:17
end_of_record
TN:
SF:src\models\Comments_model.ts
FNF:0
FNH:0
DA:1,3
DA:2,3
DA:10,3
DA:25,3
DA:26,3
LF:5
LH:5
BRF:0
BRH:0
end_of_record
TN:
SF:src\models\posts_model.ts
FNF:0
FNH:0
DA:1,3
DA:9,3
DA:22,3
DA:23,3
LF:4
LH:4
BRF:0
BRH:0
end_of_record
TN:
SF:src\models\user_model.ts
FNF:0
FNH:0
DA:1,3
DA:9,3
DA:24,3
DA:25,3
LF:4
LH:4
BRF:0
BRH:0
end_of_record
TN:
SF:src\routes\comments_routes.ts
FN:66,(anonymous_1)
FN:89,(anonymous_2)
FN:119,(anonymous_3)
FN:157,(anonymous_4)
FN:185,(anonymous_5)
FNF:5
FNH:5
FNDA:2,(anonymous_1)
FNDA:3,(anonymous_2)
FNDA:2,(anonymous_3)
FNDA:2,(anonymous_4)
FNDA:2,(anonymous_5)
DA:1,3
DA:2,3
DA:3,3
DA:4,3
DA:66,3
DA:67,2
DA:89,3
DA:90,3
DA:119,3
DA:120,2
DA:157,3
DA:158,2
DA:185,3
DA:186,2
DA:189,3
LF:15
LH:15
BRF:0
BRH:0
end_of_record
TN:
SF:src\routes\posts_routes.ts
FN:99,(anonymous_1)
FN:129,(anonymous_2)
FN:167,(anonymous_3)
FN:197,(anonymous_4)
FNF:4
FNH:4
FNDA:3,(anonymous_1)
FNDA:2,(anonymous_2)
FNDA:2,(anonymous_3)
FNDA:2,(anonymous_4)
DA:1,3
DA:2,3
DA:3,3
DA:4,3
DA:78,3
DA:99,3
DA:100,3
DA:129,3
DA:130,2
DA:167,3
DA:168,2
DA:197,3
DA:198,2
DA:201,3
LF:14
LH:14
BRF:0
BRH:0
end_of_record
TN:
SF:src\routes\user_routes.ts
FNF:0
FNH:0
DA:1,3
DA:2,3
DA:3,3
DA:68,3
DA:110,3
DA:145,3
DA:189,3
DA:217,3
DA:238,3
DA:272,3
DA:296,3
DA:298,3
LF:12
LH:12
BRF:0
BRH:0
end_of_record
